Starting preprocessing of the model file ...
Ramsey Problem: added 5 Multipliers.
Found 5 equation(s).
Found 11 FOC equation(s) for Ramsey Problem.
Evaluating expressions...done
Computing static model derivatives (order 1).
Computing dynamic model derivatives (order 2).
Computing dynamic model derivatives (order 2).
Computing static model derivatives (order 3).
Processing outputs ...
done
Preprocessing completed.

MODEL SUMMARY

  Number of variables:         11
  Number of stochastic shocks: 1
  Number of state variables:   5
  Number of jumpers:           5
  Number of static variables:  5


MATRIX OF COVARIANCE OF EXOGENOUS SHOCKS
Variables     epsilon
epsilon      1.000000

POLICY AND TRANSITION FUNCTIONS
                                   x              pi               i               e              Ex             Epi
MULT_1(-1)                -19.658875       -0.678932       20.223722               0        0.456339        0.108508
MULT_2(-1)                 -0.678932       -0.161436       -0.027127               0       -0.570424       -0.135635
epsilon                    -0.672143        0.840178       -0.026856        1.000000       -0.564720       -0.134279


THEORETICAL MOMENTS
VARIABLE         MEAN  STD. DEV.   VARIANCE
x              0.0000     1.2394     1.5361
pi             0.0000     0.8759     0.7672
i              0.0000     0.0495     0.0025
e              0.0000     1.0000     1.0000
Ex             0.0000     1.0413     1.0844
Epi            0.0000     0.2476     0.0613



MATRIX OF CORRELATIONS
Variables         x      pi       i       e      Ex     Epi
x            1.0000 -0.2827  1.0000 -0.5423  1.0000  1.0000
pi          -0.2827  1.0000 -0.2827  0.9592 -0.2827 -0.2827
i            1.0000 -0.2827  1.0000 -0.5423  1.0000  1.0000
e           -0.5423  0.9592 -0.5423  1.0000 -0.5423 -0.5423
Ex           1.0000 -0.2827  1.0000 -0.5423  1.0000  1.0000
Epi          1.0000 -0.2827  1.0000 -0.5423  1.0000  1.0000



COEFFICIENTS OF AUTOCORRELATION
Order          1       2       3       4       5
x         0.8402  0.7059  0.5931  0.4983  0.4187
pi       -0.0799 -0.0671 -0.0564 -0.0474 -0.0398
i         0.8402  0.7059  0.5931  0.4983  0.4187
e         0.0000  0.0000  0.0000  0.0000  0.0000
Ex        0.8402  0.7059  0.5931  0.4983  0.4187
Epi       0.8402  0.7059  0.5931  0.4983  0.4187
Total computing time : 0h00m01s
