Starting preprocessing of the model file ...
Found 6 equation(s).
Evaluating expressions...done
Computing static model derivatives (order 1).
Computing dynamic model derivatives (order 2).
Processing outputs ...
done
Preprocessing completed.

STEADY-STATE RESULTS:

x   		 0
pi  		 0
i   		 0
e   		 0
Ex  		 0
Epi 		 0

MODEL SUMMARY

  Number of variables:         6
  Number of stochastic shocks: 1
  Number of state variables:   3
  Number of jumpers:           2
  Number of static variables:  3


MATRIX OF COVARIANCE OF EXOGENOUS SHOCKS
Variables     epsilon
epsilon      1.000000

POLICY AND TRANSITION FUNCTIONS
                                   x              pi               i               e              Ex             Epi
x(-1)                       0.350799        0.031167        0.222150               0        0.555641        0.017308
pi(-1)                     -0.377897        0.759863        0.950846               0       -0.209858        0.782807
epsilon                    -1.472114        1.472114        1.472114        1.000000       -0.536362        0.536362


THEORETICAL MOMENTS
VARIABLE         MEAN  STD. DEV.   VARIANCE
x              0.0000     2.1496     4.6207
pi             0.0000     2.1496     4.6207
i              0.0000     2.1496     4.6207
e              0.0000     1.0000     1.0000
Ex             0.0000     1.7307     2.9954
Epi            0.0000     1.7307     2.9954



MATRIX OF CORRELATIONS
Variables         x      pi       i       e      Ex     Epi
x            1.0000 -1.0000 -1.0000 -0.6848  0.9051 -0.9051
pi          -1.0000  1.0000  1.0000  0.6848 -0.9051  0.9051
i           -1.0000  1.0000  1.0000  0.6848 -0.9051  0.9051
e           -0.6848  0.6848  0.6848  1.0000 -0.3099  0.3099
Ex           0.9051 -0.9051 -0.9051 -0.3099  1.0000 -1.0000
Epi         -0.9051  0.9051  0.9051  0.3099 -1.0000  1.0000



COEFFICIENTS OF AUTOCORRELATION
Order          1       2       3       4       5
x         0.7287  0.5310  0.3869  0.2820  0.2055
pi        0.7287  0.5310  0.3869  0.2820  0.2055
i         0.7287  0.5310  0.3869  0.2820  0.2055
e         0.0000  0.0000  0.0000  0.0000  0.0000
Ex        0.8605  0.6270  0.4569  0.3330  0.2426
Epi       0.8605  0.6270  0.4569  0.3330  0.2426
Total computing time : 0h00m01s
